-------------------------------------------------------------------------------
Test set: com.kriscfoster.school.SchoolApplicationTests
-------------------------------------------------------------------------------
Tests run: 1, Failures: 0, Errors: 1, Skipped: 0, Time elapsed: 2.479 s <<< FAILURE! - in com.kriscfoster.school.SchoolApplicationTests
contextLoads  Time elapsed: 0.002 s  <<< ERROR!
java.lang.IllegalStateException: Failed to load ApplicationContext
Caused by: org.springframework.beans.factory.BeanCreationException: Error creating bean with name 'entityManagerFactory' defined in class path resource [org/springframework/boot/autoconfigure/orm/jpa/HibernateJpaConfiguration.class]: Invocation of init method failed; nested exception is org.hibernate.AnnotationException: mappedBy reference an unknown target entity property: com.kriscfoster.school.subject.Subject.stu in com.kriscfoster.school.student.Student.subjects
Caused by: org.hibernate.AnnotationException: mappedBy reference an unknown target entity property: com.kriscfoster.school.subject.Subject.stu in com.kriscfoster.school.student.Student.subjects

